{"action":"entity/actions","context":{"environment":"development","userContext":{"correlationId":"X2Pu6hzJox","id":"CFQOJrafPJXVQIF624zHxyGs0Mo2"},"workspace":{"rootPath":"F:/lowgular tutorial/lowgular-course-entry"}},"level":"info","message":"[API] Request for entity/actions","params":{"clickedPath":"F:/lowgular tutorial/lowgular-course-entry/src/app/ui/employee-list/employee-list.component.ts"}}
{"level":"info","message":"[API] Response ok: entity/actions","result":[{"id":"INJECT","label":"Inject"}]}
{"funcParams":{"clickedPath":"F:/lowgular tutorial/lowgular-course-entry/src/app/ui/employee-list/employee-list.component.ts"},"level":"info","message":"[CLI] Calling Query entity/actions"}
{"level":"info","message":"[CLI] Called Query entity/actions","result":[{"id":"INJECT","label":"Inject"}]}
{"action":"injectable/list","context":{"environment":"development","userContext":{"correlationId":"X2Pu6hzJox","id":"CFQOJrafPJXVQIF624zHxyGs0Mo2"},"workspace":{"rootPath":"F:/lowgular tutorial/lowgular-course-entry"}},"level":"info","message":"[API] Request for injectable/list","params":{"entityFilePath":"F:/lowgular tutorial/lowgular-course-entry/src/app/ui/employee-list/employee-list.component.ts"}}
{"funcParams":{"entityFilePath":"F:/lowgular tutorial/lowgular-course-entry/src/app/ui/employee-list/employee-list.component.ts"},"level":"info","message":"[CLI] Calling Query injectable/list"}
{"level":"info","message":"[CLI] Called Query injectable/list","result":[{"dataType":"External","id":"httpClient","name":"HttpClient","relatedTypes":{}}]}
{"level":"info","message":"[API] Response ok: injectable/list","result":[{"dataType":"External","id":"httpClient","name":"HttpClient","relatedTypes":{}}]}
{"action":"injectable/inject-external","context":{"environment":"development","userContext":{"correlationId":"X2Pu6hzJox","id":"CFQOJrafPJXVQIF624zHxyGs0Mo2"},"workspace":{"rootPath":"F:/lowgular tutorial/lowgular-course-entry"}},"level":"info","message":"[API] Request for injectable/inject-external","params":{"entityFilePath":"F:/lowgular tutorial/lowgular-course-entry/src/app/ui/employee-list/employee-list.component.ts","externalId":"httpClient"}}
{"funcParams":{"entityFilePath":"F:/lowgular tutorial/lowgular-course-entry/src/app/ui/employee-list/employee-list.component.ts","externalId":"httpClient"},"level":"info","message":"[CLI] Calling Command injectable/inject-external"}
{"commandName":"INJECT_EXTERNAL_DEPENDENCY","level":"info","message":"[CommandBus]: Dispatching command INJECT_EXTERNAL_DEPENDENCY","payload":{"entityFilePath":"F:/lowgular tutorial/lowgular-course-entry/src/app/ui/employee-list/employee-list.component.ts","externalType":"HttpClient","genericFilePaths":[]}}
{"commandName":"INJECT_EXTERNAL_DEPENDENCY","level":"info","message":"[CommandBus]: Handled  INJECT_EXTERNAL_DEPENDENCY","payload":{"entityFilePath":"F:/lowgular tutorial/lowgular-course-entry/src/app/ui/employee-list/employee-list.component.ts","externalType":"HttpClient","genericFilePaths":[]}}
{"level":"info","message":"[CLI] Called Command injectable/inject-external"}
{"level":"info","message":"[API] Response ok: injectable/inject-external","result":{"filePath":"F:/lowgular tutorial/lowgular-course-entry/src/app/ui/employee-list/employee-list.component.ts"}}
{"action":"entity/actions","context":{"environment":"development","userContext":{"correlationId":"BGdYDFDVDJ","id":"CFQOJrafPJXVQIF624zHxyGs0Mo2"},"workspace":{"rootPath":"F:/lowgular tutorial/lowgular-course-entry"}},"level":"info","message":"[API] Request for entity/actions","params":{"clickedPath":"F:/lowgular tutorial/lowgular-course-entry/src/app/ui/employee-list/employee-list.component.ts"}}
{"funcParams":{"clickedPath":"F:/lowgular tutorial/lowgular-course-entry/src/app/ui/employee-list/employee-list.component.ts"},"level":"info","message":"[CLI] Calling Query entity/actions"}
{"level":"info","message":"[CLI] Called Query entity/actions","result":[{"id":"INJECT","label":"Inject"}]}
{"level":"info","message":"[API] Response ok: entity/actions","result":[{"id":"INJECT","label":"Inject"}]}
{"action":"injectable/list","context":{"environment":"development","userContext":{"correlationId":"BGdYDFDVDJ","id":"CFQOJrafPJXVQIF624zHxyGs0Mo2"},"workspace":{"rootPath":"F:/lowgular tutorial/lowgular-course-entry"}},"level":"info","message":"[API] Request for injectable/list","params":{"entityFilePath":"F:/lowgular tutorial/lowgular-course-entry/src/app/ui/employee-list/employee-list.component.ts"}}
{"funcParams":{"entityFilePath":"F:/lowgular tutorial/lowgular-course-entry/src/app/ui/employee-list/employee-list.component.ts"},"level":"info","message":"[CLI] Calling Query injectable/list"}
{"level":"info","message":"[CLI] Called Query injectable/list","result":[{"dataType":"External","id":"httpClient","name":"HttpClient","relatedTypes":{}}]}
{"level":"info","message":"[API] Response ok: injectable/list","result":[{"dataType":"External","id":"httpClient","name":"HttpClient","relatedTypes":{}}]}
[info] [API] Request for entity/actions: {
	"action": "entity/actions",
	"params": {
		"clickedPath": "F:/lowgular tutorial/lowgular-course-entry/src/app/app-routing.module.ts",
		"position": 245
	},
	"context": {
		"workspace": {
			"rootPath": "F:/lowgular tutorial/lowgular-course-entry"
		},
		"userContext": {
			"id": "CFQOJrafPJXVQIF624zHxyGs0Mo2",
			"correlationId": "LVCRcpuata",
			"logEnvId": "development"
		}
	},
	"level": "info",
	"message": "[API] Request for entity/actions"
}
[error] [API]: Error Entity not found for suffix: module: {
	"loggerData": {
		"action": "entity/actions",
		"params": {
			"clickedPath": "F:/lowgular tutorial/lowgular-course-entry/src/app/app-routing.module.ts",
			"position": 245
		},
		"context": {
			"workspace": {
				"rootPath": "F:/lowgular tutorial/lowgular-course-entry"
			},
			"userContext": {
				"id": "CFQOJrafPJXVQIF624zHxyGs0Mo2",
				"correlationId": "LVCRcpuata",
				"logEnvId": "development"
			}
		}
	},
	"error": {},
	"stack": "Error: Entity not found for suffix: module\n    at getEntityActions (C:\\Users\\jakub\\AppData\\Roaming\\JetBrains\\WebStorm2022.2\\plugins\\LowgularJPlugin\\cli\\main.js:8904:15)\n    at async callQueryCli (C:\\Users\\jakub\\AppData\\Roaming\\JetBrains\\WebStorm2022.2\\plugins\\LowgularJPlugin\\cli\\main.js:10144:20)\n    at async callHandler (C:\\Users\\jakub\\AppData\\Roaming\\JetBrains\\WebStorm2022.2\\plugins\\LowgularJPlugin\\cli\\main.js:2601:27)",
	"level": "error",
	"message": "[API]: Error Entity not found for suffix: module"
}
[info] [API] Request for entity/actions: {
	"action": "entity/actions",
	"params": {
		"clickedPath": "F:/lowgular tutorial/lowgular-course-entry/src/app/app-routing.module.ts",
		"position": 245
	},
	"context": {
		"workspace": {
			"rootPath": "F:/lowgular tutorial/lowgular-course-entry"
		},
		"userContext": {
			"id": "CFQOJrafPJXVQIF624zHxyGs0Mo2",
			"correlationId": "dxZodxsWlb",
			"logEnvId": "development"
		}
	},
	"level": "info",
	"message": "[API] Request for entity/actions"
}
[info] [CLI] Calling Query entity/actions: {
	"funcParams": {
		"clickedPath": "F:/lowgular tutorial/lowgular-course-entry/src/app/app-routing.module.ts",
		"position": 245
	},
	"level": "info",
	"message": "[CLI] Calling Query entity/actions"
}
[error] [API]: Error Entity not found for suffix: module: {
	"loggerData": {
		"action": "entity/actions",
		"params": {
			"clickedPath": "F:/lowgular tutorial/lowgular-course-entry/src/app/app-routing.module.ts",
			"position": 245
		},
		"context": {
			"workspace": {
				"rootPath": "F:/lowgular tutorial/lowgular-course-entry"
			},
			"userContext": {
				"id": "CFQOJrafPJXVQIF624zHxyGs0Mo2",
				"correlationId": "dxZodxsWlb",
				"logEnvId": "development"
			}
		}
	},
	"error": {},
	"stack": "Error: Entity not found for suffix: module\n    at getEntityActions (C:\\Users\\jakub\\AppData\\Roaming\\JetBrains\\WebStorm2022.2\\plugins\\LowgularJPlugin\\cli\\main.js:8904:15)\n    at async callQueryCli (C:\\Users\\jakub\\AppData\\Roaming\\JetBrains\\WebStorm2022.2\\plugins\\LowgularJPlugin\\cli\\main.js:10144:20)\n    at async callHandler (C:\\Users\\jakub\\AppData\\Roaming\\JetBrains\\WebStorm2022.2\\plugins\\LowgularJPlugin\\cli\\main.js:2601:27)",
	"level": "error",
	"message": "[API]: Error Entity not found for suffix: module"
}
[info] [API] Request for entity/actions: {
	"action": "entity/actions",
	"params": {
		"clickedPath": "F:/lowgular tutorial/lowgular-course-entry/src/app/ui/employee-list/employee-list.component.ts",
		"position": 509
	},
	"context": {
		"workspace": {
			"rootPath": "F:/lowgular tutorial/lowgular-course-entry"
		},
		"userContext": {
			"id": "CFQOJrafPJXVQIF624zHxyGs0Mo2",
			"correlationId": "e4WmlLqitD",
			"logEnvId": "development"
		}
	},
	"level": "info",
	"message": "[API] Request for entity/actions"
}
[info] [CLI] Calling Query entity/actions: {
	"funcParams": {
		"clickedPath": "F:/lowgular tutorial/lowgular-course-entry/src/app/ui/employee-list/employee-list.component.ts",
		"position": 509
	},
	"level": "info",
	"message": "[CLI] Calling Query entity/actions"
}
[info] [CLI] Called Query entity/actions: {
	"result": [
		{
			"id": "INJECT",
			"label": "Inject",
			"context": {}
		}
	],
	"level": "info",
	"message": "[CLI] Called Query entity/actions"
}
[info] [API] Response ok: entity/actions: {
	"result": [
		{
			"id": "INJECT",
			"label": "Inject",
			"context": {}
		}
	],
	"level": "info",
	"message": "[API] Response ok: entity/actions"
}
[info] [API] Request for injectable/list: {
	"action": "injectable/list",
	"params": {
		"entityFilePath": "F:/lowgular tutorial/lowgular-course-entry/src/app/ui/employee-list/employee-list.component.ts"
	},
	"context": {
		"workspace": {
			"rootPath": "F:/lowgular tutorial/lowgular-course-entry"
		},
		"userContext": {
			"id": "CFQOJrafPJXVQIF624zHxyGs0Mo2",
			"correlationId": "e4WmlLqitD",
			"logEnvId": "development"
		}
	},
	"level": "info",
	"message": "[API] Request for injectable/list"
}
[info] [CLI] Calling Query injectable/list: {
	"funcParams": {
		"entityFilePath": "F:/lowgular tutorial/lowgular-course-entry/src/app/ui/employee-list/employee-list.component.ts"
	},
	"level": "info",
	"message": "[CLI] Calling Query injectable/list"
}
[info] [CLI] Called Query injectable/list: {
	"result": [
		{
			"id": "httpClient",
			"dataType": "External",
			"name": "HttpClient",
			"relatedTypes": {}
		}
	],
	"level": "info",
	"message": "[CLI] Called Query injectable/list"
}
[info] [API] Response ok: injectable/list: {
	"result": [
		{
			"id": "httpClient",
			"dataType": "External",
			"name": "HttpClient",
			"relatedTypes": {}
		}
	],
	"level": "info",
	"message": "[API] Response ok: injectable/list"
}
[info] [API] Request for injectable/inject-external: {
	"action": "injectable/inject-external",
	"params": {
		"entityFilePath": "F:/lowgular tutorial/lowgular-course-entry/src/app/ui/employee-list/employee-list.component.ts",
		"externalId": "httpClient"
	},
	"context": {
		"workspace": {
			"rootPath": "F:/lowgular tutorial/lowgular-course-entry"
		},
		"userContext": {
			"id": "CFQOJrafPJXVQIF624zHxyGs0Mo2",
			"correlationId": "e4WmlLqitD",
			"logEnvId": "development"
		}
	},
	"level": "info",
	"message": "[API] Request for injectable/inject-external"
}
[info] [CLI] Calling Command injectable/inject-external: {
	"funcParams": {
		"entityFilePath": "F:/lowgular tutorial/lowgular-course-entry/src/app/ui/employee-list/employee-list.component.ts",
		"externalId": "httpClient"
	},
	"level": "info",
	"message": "[CLI] Calling Command injectable/inject-external"
}
[info] [CLI] Called Command injectable/inject-external: {
	"message": "[CLI] Called Command injectable/inject-external",
	"level": "info"
}
[info] [API] Response ok: injectable/inject-external: {
	"result": {
		"filePath": "F:/lowgular tutorial/lowgular-course-entry/src/app/ui/employee-list/employee-list.component.ts"
	},
	"level": "info",
	"message": "[API] Response ok: injectable/inject-external"
}
[info] [CommandBus]: Dispatching command INJECT_EXTERNAL_DEPENDENCY: {
	"commandName": "INJECT_EXTERNAL_DEPENDENCY",
	"payload": {
		"entityFilePath": "F:/lowgular tutorial/lowgular-course-entry/src/app/ui/employee-list/employee-list.component.ts",
		"externalType": "HttpClient",
		"genericFilePaths": []
	},
	"level": "info",
	"message": "[CommandBus]: Dispatching command INJECT_EXTERNAL_DEPENDENCY"
}
[info] [CommandBus]: Handled  INJECT_EXTERNAL_DEPENDENCY: {
	"commandName": "INJECT_EXTERNAL_DEPENDENCY",
	"payload": {
		"entityFilePath": "F:/lowgular tutorial/lowgular-course-entry/src/app/ui/employee-list/employee-list.component.ts",
		"externalType": "HttpClient",
		"genericFilePaths": []
	},
	"level": "info",
	"message": "[CommandBus]: Handled  INJECT_EXTERNAL_DEPENDENCY"
}
[info] [API] Request for entity/actions: {
	"action": "entity/actions",
	"params": {
		"clickedPath": "F:/lowgular tutorial/lowgular-course-entry/src/app/ui/employee-list/employee-list.component.ts",
		"position": 327
	},
	"context": {
		"workspace": {
			"rootPath": "F:/lowgular tutorial/lowgular-course-entry"
		},
		"userContext": {
			"id": "CFQOJrafPJXVQIF624zHxyGs0Mo2",
			"correlationId": "x2SwTFf-0W",
			"logEnvId": "development"
		}
	},
	"level": "info",
	"message": "[API] Request for entity/actions"
}
[info] [CLI] Calling Query entity/actions: {
	"funcParams": {
		"clickedPath": "F:/lowgular tutorial/lowgular-course-entry/src/app/ui/employee-list/employee-list.component.ts",
		"position": 327
	},
	"level": "info",
	"message": "[CLI] Calling Query entity/actions"
}
[info] [CLI] Called Query entity/actions: {
	"result": [
		{
			"id": "INJECT",
			"label": "Inject",
			"context": {}
		}
	],
	"level": "info",
	"message": "[CLI] Called Query entity/actions"
}
[info] [API] Response ok: entity/actions: {
	"result": [
		{
			"id": "INJECT",
			"label": "Inject",
			"context": {}
		}
	],
	"level": "info",
	"message": "[API] Response ok: entity/actions"
}
[info] [API] Request for injectable/list: {
	"action": "injectable/list",
	"params": {
		"entityFilePath": "F:/lowgular tutorial/lowgular-course-entry/src/app/ui/employee-list/employee-list.component.ts"
	},
	"context": {
		"workspace": {
			"rootPath": "F:/lowgular tutorial/lowgular-course-entry"
		},
		"userContext": {
			"id": "CFQOJrafPJXVQIF624zHxyGs0Mo2",
			"correlationId": "x2SwTFf-0W",
			"logEnvId": "development"
		}
	},
	"level": "info",
	"message": "[API] Request for injectable/list"
}
[info] [CLI] Calling Query injectable/list: {
	"funcParams": {
		"entityFilePath": "F:/lowgular tutorial/lowgular-course-entry/src/app/ui/employee-list/employee-list.component.ts"
	},
	"level": "info",
	"message": "[CLI] Calling Query injectable/list"
}
[info] [CLI] Called Query injectable/list: {
	"result": [
		{
			"id": "httpClient",
			"dataType": "External",
			"name": "HttpClient",
			"relatedTypes": {}
		}
	],
	"level": "info",
	"message": "[CLI] Called Query injectable/list"
}
[info] [API] Response ok: injectable/list: {
	"result": [
		{
			"id": "httpClient",
			"dataType": "External",
			"name": "HttpClient",
			"relatedTypes": {}
		}
	],
	"level": "info",
	"message": "[API] Response ok: injectable/list"
}
[info] [API] Request for entity/actions: {
	"action": "entity/actions",
	"params": {
		"clickedPath": "F:/lowgular tutorial/lowgular-course-entry/src/app/ui/employee-list/employee-list.component.html",
		"position": 237
	},
	"context": {
		"workspace": {
			"rootPath": "F:/lowgular tutorial/lowgular-course-entry"
		},
		"userContext": {
			"id": "CFQOJrafPJXVQIF624zHxyGs0Mo2",
			"correlationId": "YApxLVh-0m",
			"logEnvId": "development"
		}
	},
	"level": "info",
	"message": "[API] Request for entity/actions"
}
[info] [CLI] Calling Query entity/actions: {
	"funcParams": {
		"clickedPath": "F:/lowgular tutorial/lowgular-course-entry/src/app/ui/employee-list/employee-list.component.html",
		"position": 237
	},
	"level": "info",
	"message": "[CLI] Calling Query entity/actions"
}
[info] [CLI] Called Query entity/actions: {
	"result": [
		{
			"id": "ADD_FORM",
			"label": "Add Form",
			"context": {}
		}
	],
	"level": "info",
	"message": "[CLI] Called Query entity/actions"
}
[info] [API] Response ok: entity/actions: {
	"result": [
		{
			"id": "ADD_FORM",
			"label": "Add Form",
			"context": {}
		}
	],
	"level": "info",
	"message": "[API] Response ok: entity/actions"
}
[info] [API] Request for projects/list: {
	"action": "projects/list",
	"params": {
		"clickedPath": "F:/lowgular tutorial/lowgular-course-entry/src/app"
	},
	"context": {
		"workspace": {
			"rootPath": "F:/lowgular tutorial/lowgular-course-entry"
		},
		"userContext": {
			"id": "CFQOJrafPJXVQIF624zHxyGs0Mo2",
			"correlationId": "YOUrX1TC_w",
			"logEnvId": "development"
		}
	},
	"level": "info",
	"message": "[API] Request for projects/list"
}
[info] [CLI] Calling Query projects/list: {
	"funcParams": {
		"clickedPath": "F:/lowgular tutorial/lowgular-course-entry/src/app"
	},
	"level": "info",
	"message": "[CLI] Calling Query projects/list"
}
[info] [CLI] Called Query projects/list: {
	"result": {
		"clickedProject": {
			"name": "lowgular-course-entry",
			"path": "F:/lowgular tutorial/lowgular-course-entry/src/app"
		},
		"otherProjects": []
	},
	"level": "info",
	"message": "[CLI] Called Query projects/list"
}
[info] [API] Response ok: projects/list: {
	"result": {
		"clickedProject": {
			"name": "lowgular-course-entry",
			"path": "F:/lowgular tutorial/lowgular-course-entry/src/app"
		},
		"otherProjects": []
	},
	"level": "info",
	"message": "[API] Response ok: projects/list"
}
[info] [API] Request for entity/list: {
	"action": "entity/list",
	"params": {
		"clickedPath": "F:/lowgular tutorial/lowgular-course-entry/src/app"
	},
	"context": {
		"workspace": {
			"rootPath": "F:/lowgular tutorial/lowgular-course-entry"
		},
		"userContext": {
			"id": "CFQOJrafPJXVQIF624zHxyGs0Mo2",
			"correlationId": "YOUrX1TC_w",
			"logEnvId": "development"
		}
	},
	"level": "info",
	"message": "[API] Request for entity/list"
}
[info] [CLI] Calling Query entity/list: {
	"funcParams": {
		"clickedPath": "F:/lowgular tutorial/lowgular-course-entry/src/app"
	},
	"level": "info",
	"message": "[CLI] Calling Query entity/list"
}
[info] [CLI] Called Query entity/list: {
	"result": [
		{
			"id": "component",
			"type": "ANGULAR_COMPONENT",
			"suffix": "Component",
			"folder": "ui/$name$",
			"insideOf": "App",
			"config": {
				"stylesExtension": "none",
				"viewEncapsulation": "Emulated",
				"selector": "generated",
				"changeDetectionStrategy": "OnPush"
			}
		},
		{
			"id": "dataService",
			"type": "SERVICE",
			"suffix": "Service",
			"folder": "services",
			"insideOf": "App"
		},
		{
			"id": "model",
			"type": "DATA_STRUCTURE",
			"suffix": "Model",
			"folder": "model",
			"insideOf": "App"
		},
		{
			"id": "response",
			"type": "DATA_STRUCTURE",
			"suffix": "Response",
			"folder": "services",
			"insideOf": "App"
		}
	],
	"level": "info",
	"message": "[CLI] Called Query entity/list"
}
[info] [API] Response ok: entity/list: {
	"result": [
		{
			"id": "component",
			"type": "ANGULAR_COMPONENT",
			"suffix": "Component",
			"folder": "ui/$name$",
			"insideOf": "App",
			"config": {
				"stylesExtension": "none",
				"viewEncapsulation": "Emulated",
				"selector": "generated",
				"changeDetectionStrategy": "OnPush"
			}
		},
		{
			"id": "dataService",
			"type": "SERVICE",
			"suffix": "Service",
			"folder": "services",
			"insideOf": "App"
		},
		{
			"id": "model",
			"type": "DATA_STRUCTURE",
			"suffix": "Model",
			"folder": "model",
			"insideOf": "App"
		},
		{
			"id": "response",
			"type": "DATA_STRUCTURE",
			"suffix": "Response",
			"folder": "services",
			"insideOf": "App"
		}
	],
	"level": "info",
	"message": "[API] Response ok: entity/list"
}
[info] [API] Request for angular-component/create: {
	"action": "angular-component/create",
	"params": {
		"name": "employees-faces",
		"clickedPath": "F:/lowgular tutorial/lowgular-course-entry/src/app",
		"entityId": "component"
	},
	"context": {
		"workspace": {
			"rootPath": "F:/lowgular tutorial/lowgular-course-entry"
		},
		"userContext": {
			"id": "CFQOJrafPJXVQIF624zHxyGs0Mo2",
			"correlationId": "YOUrX1TC_w",
			"logEnvId": "development"
		}
	},
	"level": "info",
	"message": "[API] Request for angular-component/create"
}
[info] [CLI] Calling Command angular-component/create: {
	"funcParams": {
		"name": "employees-faces",
		"clickedPath": "F:/lowgular tutorial/lowgular-course-entry/src/app",
		"entityId": "component"
	},
	"level": "info",
	"message": "[CLI] Calling Command angular-component/create"
}
[info] [CommandBus]: Dispatching command COMPONENT_CREATE_SMART_COMPONENT: {
	"commandName": "COMPONENT_CREATE_SMART_COMPONENT",
	"payload": {
		"name": "employees-faces",
		"prefix": "app",
		"suffix": "Component",
		"absoluteFolderPath": "F:/lowgular tutorial/lowgular-course-entry/src/app/ui/employees-faces",
		"config": {
			"stylesExtension": "none",
			"viewEncapsulation": "Emulated",
			"selector": "generated",
			"changeDetectionStrategy": "OnPush"
		}
	},
	"level": "info",
	"message": "[CommandBus]: Dispatching command COMPONENT_CREATE_SMART_COMPONENT"
}
[warn] [TsMorphFileAdapter]: File Not Found, creating...: {
	"filePath": "F:/lowgular tutorial/lowgular-course-entry/src/app/ui/employees-faces/employees-faces.component.html",
	"level": "warn",
	"message": "[TsMorphFileAdapter]: File Not Found, creating..."
}
[info] [EventBus]: Broadcasting event COMPONENT_SMART_COMPONENT_CREATED: {
	"type": "COMPONENT_SMART_COMPONENT_CREATED",
	"payload": {
		"createdFile": "F:/lowgular tutorial/lowgular-course-entry/src/app/ui/employees-faces/employees-faces.component.ts"
	},
	"level": "info",
	"message": "[EventBus]: Broadcasting event COMPONENT_SMART_COMPONENT_CREATED"
}
[info] [CommandBus]: Dispatching command CREATE_COMPONENT_MODULE: {
	"commandName": "CREATE_COMPONENT_MODULE",
	"payload": {
		"moduleFilePath": "F:/lowgular tutorial/lowgular-course-entry/src/app/ui/employees-faces/employees-faces.component-module.ts"
	},
	"level": "info",
	"message": "[CommandBus]: Dispatching command CREATE_COMPONENT_MODULE"
}
[info] [EventBus]: Broadcasted COMPONENT_SMART_COMPONENT_CREATED: {
	"event": {
		"createdFile": "F:/lowgular tutorial/lowgular-course-entry/src/app/ui/employees-faces/employees-faces.component.ts"
	},
	"level": "info",
	"message": "[EventBus]: Broadcasted COMPONENT_SMART_COMPONENT_CREATED"
}
[info] [EventBus]: Broadcasting event MODULE_MODULE_CREATED: {
	"type": "MODULE_MODULE_CREATED",
	"payload": {
		"moduleFile": "F:/lowgular tutorial/lowgular-course-entry/src/app/ui/employees-faces/employees-faces.component-module.ts"
	},
	"level": "info",
	"message": "[EventBus]: Broadcasting event MODULE_MODULE_CREATED"
}
[info] [EventBus]: Broadcasted MODULE_MODULE_CREATED: {
	"event": {
		"moduleFile": "F:/lowgular tutorial/lowgular-course-entry/src/app/ui/employees-faces/employees-faces.component-module.ts"
	},
	"level": "info",
	"message": "[EventBus]: Broadcasted MODULE_MODULE_CREATED"
}
[info] [CommandBus]: Handled  CREATE_COMPONENT_MODULE: {
	"commandName": "CREATE_COMPONENT_MODULE",
	"payload": {
		"moduleFilePath": "F:/lowgular tutorial/lowgular-course-entry/src/app/ui/employees-faces/employees-faces.component-module.ts"
	},
	"level": "info",
	"message": "[CommandBus]: Handled  CREATE_COMPONENT_MODULE"
}
[info] [CommandBus]: Handled  COMPONENT_CREATE_SMART_COMPONENT: {
	"commandName": "COMPONENT_CREATE_SMART_COMPONENT",
	"payload": {
		"name": "employees-faces",
		"prefix": "app",
		"suffix": "Component",
		"absoluteFolderPath": "F:/lowgular tutorial/lowgular-course-entry/src/app/ui/employees-faces",
		"config": {
			"stylesExtension": "none",
			"viewEncapsulation": "Emulated",
			"selector": "generated",
			"changeDetectionStrategy": "OnPush"
		}
	},
	"level": "info",
	"message": "[CommandBus]: Handled  COMPONENT_CREATE_SMART_COMPONENT"
}
[info] [CLI] Called Command angular-component/create: {
	"message": "[CLI] Called Command angular-component/create",
	"level": "info"
}
[info] [API] Response ok: angular-component/create: {
	"result": {
		"filePath": "F:/lowgular tutorial/lowgular-course-entry/src/app/ui/employees-faces/employees-faces.component.ts"
	},
	"level": "info",
	"message": "[API] Response ok: angular-component/create"
}
[info] [API] Request for entity/actions: {
	"action": "entity/actions",
	"params": {
		"clickedPath": "F:/lowgular tutorial/lowgular-course-entry/src/app/ui/employees-faces/employees-faces.component.ts",
		"position": 325
	},
	"context": {
		"workspace": {
			"rootPath": "F:/lowgular tutorial/lowgular-course-entry"
		},
		"userContext": {
			"id": "CFQOJrafPJXVQIF624zHxyGs0Mo2",
			"correlationId": "wUjcz_drKE",
			"logEnvId": "development"
		}
	},
	"level": "info",
	"message": "[API] Request for entity/actions"
}
[info] [CLI] Calling Query entity/actions: {
	"funcParams": {
		"clickedPath": "F:/lowgular tutorial/lowgular-course-entry/src/app/ui/employees-faces/employees-faces.component.ts",
		"position": 325
	},
	"level": "info",
	"message": "[CLI] Calling Query entity/actions"
}
[info] [CLI] Called Query entity/actions: {
	"result": [
		{
			"id": "INJECT",
			"label": "Inject",
			"context": {}
		}
	],
	"level": "info",
	"message": "[CLI] Called Query entity/actions"
}
[info] [API] Response ok: entity/actions: {
	"result": [
		{
			"id": "INJECT",
			"label": "Inject",
			"context": {}
		}
	],
	"level": "info",
	"message": "[API] Response ok: entity/actions"
}
[info] [API] Request for injectable/list: {
	"action": "injectable/list",
	"params": {
		"entityFilePath": "F:/lowgular tutorial/lowgular-course-entry/src/app/ui/employees-faces/employees-faces.component.ts"
	},
	"context": {
		"workspace": {
			"rootPath": "F:/lowgular tutorial/lowgular-course-entry"
		},
		"userContext": {
			"id": "CFQOJrafPJXVQIF624zHxyGs0Mo2",
			"correlationId": "wUjcz_drKE",
			"logEnvId": "development"
		}
	},
	"level": "info",
	"message": "[API] Request for injectable/list"
}
[info] [CLI] Calling Query injectable/list: {
	"funcParams": {
		"entityFilePath": "F:/lowgular tutorial/lowgular-course-entry/src/app/ui/employees-faces/employees-faces.component.ts"
	},
	"level": "info",
	"message": "[CLI] Calling Query injectable/list"
}
[info] [CLI] Called Query injectable/list: {
	"result": [
		{
			"id": "httpClient",
			"dataType": "External",
			"name": "HttpClient",
			"relatedTypes": {}
		}
	],
	"level": "info",
	"message": "[CLI] Called Query injectable/list"
}
[info] [API] Response ok: injectable/list: {
	"result": [
		{
			"id": "httpClient",
			"dataType": "External",
			"name": "HttpClient",
			"relatedTypes": {}
		}
	],
	"level": "info",
	"message": "[API] Response ok: injectable/list"
}
[info] [API] Request for injectable/inject-external: {
	"action": "injectable/inject-external",
	"params": {
		"entityFilePath": "F:/lowgular tutorial/lowgular-course-entry/src/app/ui/employees-faces/employees-faces.component.ts",
		"externalId": "httpClient"
	},
	"context": {
		"workspace": {
			"rootPath": "F:/lowgular tutorial/lowgular-course-entry"
		},
		"userContext": {
			"id": "CFQOJrafPJXVQIF624zHxyGs0Mo2",
			"correlationId": "wUjcz_drKE",
			"logEnvId": "development"
		}
	},
	"level": "info",
	"message": "[API] Request for injectable/inject-external"
}
[info] [CLI] Calling Command injectable/inject-external: {
	"funcParams": {
		"entityFilePath": "F:/lowgular tutorial/lowgular-course-entry/src/app/ui/employees-faces/employees-faces.component.ts",
		"externalId": "httpClient"
	},
	"level": "info",
	"message": "[CLI] Calling Command injectable/inject-external"
}
[info] [CommandBus]: Dispatching command INJECT_EXTERNAL_DEPENDENCY: {
	"commandName": "INJECT_EXTERNAL_DEPENDENCY",
	"payload": {
		"entityFilePath": "F:/lowgular tutorial/lowgular-course-entry/src/app/ui/employees-faces/employees-faces.component.ts",
		"externalType": "HttpClient",
		"genericFilePaths": []
	},
	"level": "info",
	"message": "[CommandBus]: Dispatching command INJECT_EXTERNAL_DEPENDENCY"
}
[info] [CommandBus]: Handled  INJECT_EXTERNAL_DEPENDENCY: {
	"commandName": "INJECT_EXTERNAL_DEPENDENCY",
	"payload": {
		"entityFilePath": "F:/lowgular tutorial/lowgular-course-entry/src/app/ui/employees-faces/employees-faces.component.ts",
		"externalType": "HttpClient",
		"genericFilePaths": []
	},
	"level": "info",
	"message": "[CommandBus]: Handled  INJECT_EXTERNAL_DEPENDENCY"
}
[info] [CLI] Called Command injectable/inject-external: {
	"message": "[CLI] Called Command injectable/inject-external",
	"level": "info"
}
[info] [API] Response ok: injectable/inject-external: {
	"result": {
		"filePath": "F:/lowgular tutorial/lowgular-course-entry/src/app/ui/employees-faces/employees-faces.component.ts"
	},
	"level": "info",
	"message": "[API] Response ok: injectable/inject-external"
}
[info] [API] Request for projects/list: {
	"action": "projects/list",
	"params": {
		"clickedPath": "F:/lowgular tutorial/lowgular-course-entry/src/app/ui"
	},
	"context": {
		"workspace": {
			"rootPath": "F:/lowgular tutorial/lowgular-course-entry"
		},
		"userContext": {
			"id": "CFQOJrafPJXVQIF624zHxyGs0Mo2",
			"correlationId": "5JpyFpHBYD",
			"logEnvId": "development"
		}
	},
	"level": "info",
	"message": "[API] Request for projects/list"
}
[info] [CLI] Calling Query projects/list: {
	"funcParams": {
		"clickedPath": "F:/lowgular tutorial/lowgular-course-entry/src/app/ui"
	},
	"level": "info",
	"message": "[CLI] Calling Query projects/list"
}
[info] [CLI] Called Query projects/list: {
	"result": {
		"clickedProject": {
			"name": "lowgular-course-entry",
			"path": "F:/lowgular tutorial/lowgular-course-entry/src/app"
		},
		"otherProjects": []
	},
	"level": "info",
	"message": "[CLI] Called Query projects/list"
}
[info] [API] Response ok: projects/list: {
	"result": {
		"clickedProject": {
			"name": "lowgular-course-entry",
			"path": "F:/lowgular tutorial/lowgular-course-entry/src/app"
		},
		"otherProjects": []
	},
	"level": "info",
	"message": "[API] Response ok: projects/list"
}
[info] [API] Request for entity/list: {
	"action": "entity/list",
	"params": {
		"clickedPath": "F:/lowgular tutorial/lowgular-course-entry/src/app"
	},
	"context": {
		"workspace": {
			"rootPath": "F:/lowgular tutorial/lowgular-course-entry"
		},
		"userContext": {
			"id": "CFQOJrafPJXVQIF624zHxyGs0Mo2",
			"correlationId": "5JpyFpHBYD",
			"logEnvId": "development"
		}
	},
	"level": "info",
	"message": "[API] Request for entity/list"
}
[info] [API] Request for projects/list: {
	"action": "projects/list",
	"params": {
		"clickedPath": "F:/lowgular tutorial/lowgular-course-entry/src/app/ui"
	},
	"context": {
		"workspace": {
			"rootPath": "F:/lowgular tutorial/lowgular-course-entry"
		},
		"userContext": {
			"id": "CFQOJrafPJXVQIF624zHxyGs0Mo2",
			"correlationId": "wjc_oKpNSU",
			"logEnvId": "development"
		}
	},
	"level": "info",
	"message": "[API] Request for projects/list"
}
[info] [CLI] Calling Query entity/list: {
	"funcParams": {
		"clickedPath": "F:/lowgular tutorial/lowgular-course-entry/src/app"
	},
	"level": "info",
	"message": "[CLI] Calling Query entity/list"
}
[info] [CLI] Calling Query projects/list: {
	"funcParams": {
		"clickedPath": "F:/lowgular tutorial/lowgular-course-entry/src/app/ui"
	},
	"level": "info",
	"message": "[CLI] Calling Query projects/list"
}
[info] [CLI] Called Query entity/list: {
	"result": [
		{
			"id": "component",
			"type": "ANGULAR_COMPONENT",
			"suffix": "Component",
			"folder": "ui/$name$",
			"insideOf": "App",
			"config": {
				"stylesExtension": "none",
				"viewEncapsulation": "Emulated",
				"selector": "generated",
				"changeDetectionStrategy": "OnPush"
			}
		},
		{
			"id": "dataService",
			"type": "SERVICE",
			"suffix": "Service",
			"folder": "services",
			"insideOf": "App"
		},
		{
			"id": "model",
			"type": "DATA_STRUCTURE",
			"suffix": "Model",
			"folder": "model",
			"insideOf": "App"
		},
		{
			"id": "response",
			"type": "DATA_STRUCTURE",
			"suffix": "Response",
			"folder": "services",
			"insideOf": "App"
		}
	],
	"level": "info",
	"message": "[CLI] Called Query entity/list"
}
[info] [API] Response ok: entity/list: {
	"result": [
		{
			"id": "component",
			"type": "ANGULAR_COMPONENT",
			"suffix": "Component",
			"folder": "ui/$name$",
			"insideOf": "App",
			"config": {
				"stylesExtension": "none",
				"viewEncapsulation": "Emulated",
				"selector": "generated",
				"changeDetectionStrategy": "OnPush"
			}
		},
		{
			"id": "dataService",
			"type": "SERVICE",
			"suffix": "Service",
			"folder": "services",
			"insideOf": "App"
		},
		{
			"id": "model",
			"type": "DATA_STRUCTURE",
			"suffix": "Model",
			"folder": "model",
			"insideOf": "App"
		},
		{
			"id": "response",
			"type": "DATA_STRUCTURE",
			"suffix": "Response",
			"folder": "services",
			"insideOf": "App"
		}
	],
	"level": "info",
	"message": "[API] Response ok: entity/list"
}
[info] [CLI] Called Query projects/list: {
	"result": {
		"clickedProject": {
			"name": "lowgular-course-entry",
			"path": "F:/lowgular tutorial/lowgular-course-entry/src/app"
		},
		"otherProjects": []
	},
	"level": "info",
	"message": "[CLI] Called Query projects/list"
}
[info] [API] Response ok: projects/list: {
	"result": {
		"clickedProject": {
			"name": "lowgular-course-entry",
			"path": "F:/lowgular tutorial/lowgular-course-entry/src/app"
		},
		"otherProjects": []
	},
	"level": "info",
	"message": "[API] Response ok: projects/list"
}
[info] [API] Request for entity/list: {
	"action": "entity/list",
	"params": {
		"clickedPath": "F:/lowgular tutorial/lowgular-course-entry/src/app"
	},
	"context": {
		"workspace": {
			"rootPath": "F:/lowgular tutorial/lowgular-course-entry"
		},
		"userContext": {
			"id": "CFQOJrafPJXVQIF624zHxyGs0Mo2",
			"correlationId": "wjc_oKpNSU",
			"logEnvId": "development"
		}
	},
	"level": "info",
	"message": "[API] Request for entity/list"
}
[info] [CLI] Calling Query entity/list: {
	"funcParams": {
		"clickedPath": "F:/lowgular tutorial/lowgular-course-entry/src/app"
	},
	"level": "info",
	"message": "[CLI] Calling Query entity/list"
}
[info] [CLI] Called Query entity/list: {
	"result": [
		{
			"id": "component",
			"type": "ANGULAR_COMPONENT",
			"suffix": "Component",
			"folder": "ui/$name$",
			"insideOf": "App",
			"config": {
				"stylesExtension": "none",
				"viewEncapsulation": "Emulated",
				"selector": "generated",
				"changeDetectionStrategy": "OnPush"
			}
		},
		{
			"id": "dataService",
			"type": "SERVICE",
			"suffix": "Service",
			"folder": "services",
			"insideOf": "App"
		},
		{
			"id": "model",
			"type": "DATA_STRUCTURE",
			"suffix": "Model",
			"folder": "model",
			"insideOf": "App"
		},
		{
			"id": "response",
			"type": "DATA_STRUCTURE",
			"suffix": "Response",
			"folder": "services",
			"insideOf": "App"
		}
	],
	"level": "info",
	"message": "[CLI] Called Query entity/list"
}
[info] [API] Response ok: entity/list: {
	"result": [
		{
			"id": "component",
			"type": "ANGULAR_COMPONENT",
			"suffix": "Component",
			"folder": "ui/$name$",
			"insideOf": "App",
			"config": {
				"stylesExtension": "none",
				"viewEncapsulation": "Emulated",
				"selector": "generated",
				"changeDetectionStrategy": "OnPush"
			}
		},
		{
			"id": "dataService",
			"type": "SERVICE",
			"suffix": "Service",
			"folder": "services",
			"insideOf": "App"
		},
		{
			"id": "model",
			"type": "DATA_STRUCTURE",
			"suffix": "Model",
			"folder": "model",
			"insideOf": "App"
		},
		{
			"id": "response",
			"type": "DATA_STRUCTURE",
			"suffix": "Response",
			"folder": "services",
			"insideOf": "App"
		}
	],
	"level": "info",
	"message": "[API] Response ok: entity/list"
}
[info] [API] Request for service/create: {
	"action": "service/create",
	"params": {
		"name": "Employee",
		"clickedPath": "F:/lowgular tutorial/lowgular-course-entry/src/app/ui",
		"entityId": "dataService"
	},
	"context": {
		"workspace": {
			"rootPath": "F:/lowgular tutorial/lowgular-course-entry"
		},
		"userContext": {
			"id": "CFQOJrafPJXVQIF624zHxyGs0Mo2",
			"correlationId": "wjc_oKpNSU",
			"logEnvId": "development"
		}
	},
	"level": "info",
	"message": "[API] Request for service/create"
}
[info] [CLI] Calling Command service/create: {
	"funcParams": {
		"name": "Employee",
		"clickedPath": "F:/lowgular tutorial/lowgular-course-entry/src/app/ui",
		"entityId": "dataService"
	},
	"level": "info",
	"message": "[CLI] Calling Command service/create"
}
[info] [CommandBus]: Dispatching command CREATE_SERVICE: {
	"commandName": "CREATE_SERVICE",
	"payload": {
		"folderPath": "F:/lowgular tutorial/lowgular-course-entry/src/app/services",
		"name": "Employee",
		"suffix": "Service"
	},
	"level": "info",
	"message": "[CommandBus]: Dispatching command CREATE_SERVICE"
}
[info] [CommandBus]: Dispatching command MODULE_CREATE_MODULE: {
	"commandName": "MODULE_CREATE_MODULE",
	"payload": {
		"filePath": "F:/lowgular tutorial/lowgular-course-entry/src/app/services/employee.service.ts"
	},
	"level": "info",
	"message": "[CommandBus]: Dispatching command MODULE_CREATE_MODULE"
}
[info] [EventBus]: Broadcasting event SERVICE_CREATED: {
	"type": "SERVICE_CREATED",
	"payload": {
		"createdFile": "F:/lowgular tutorial/lowgular-course-entry/src/app/services/employee.service.ts"
	},
	"level": "info",
	"message": "[EventBus]: Broadcasting event SERVICE_CREATED"
}
[info] [EventBus]: Broadcasted SERVICE_CREATED: {
	"event": {
		"createdFile": "F:/lowgular tutorial/lowgular-course-entry/src/app/services/employee.service.ts"
	},
	"level": "info",
	"message": "[EventBus]: Broadcasted SERVICE_CREATED"
}
[info] [EventBus]: Broadcasting event MODULE_MODULE_CREATED: {
	"type": "MODULE_MODULE_CREATED",
	"payload": {
		"moduleFile": "F:/lowgular tutorial/lowgular-course-entry/src/app/services/employee.service-module.ts"
	},
	"level": "info",
	"message": "[EventBus]: Broadcasting event MODULE_MODULE_CREATED"
}
[info] [EventBus]: Broadcasted MODULE_MODULE_CREATED: {
	"event": {
		"moduleFile": "F:/lowgular tutorial/lowgular-course-entry/src/app/services/employee.service-module.ts"
	},
	"level": "info",
	"message": "[EventBus]: Broadcasted MODULE_MODULE_CREATED"
}
[info] [CommandBus]: Handled  MODULE_CREATE_MODULE: {
	"commandName": "MODULE_CREATE_MODULE",
	"payload": {
		"filePath": "F:/lowgular tutorial/lowgular-course-entry/src/app/services/employee.service.ts"
	},
	"level": "info",
	"message": "[CommandBus]: Handled  MODULE_CREATE_MODULE"
}
[info] [CommandBus]: Handled  CREATE_SERVICE: {
	"commandName": "CREATE_SERVICE",
	"payload": {
		"folderPath": "F:/lowgular tutorial/lowgular-course-entry/src/app/services",
		"name": "Employee",
		"suffix": "Service"
	},
	"level": "info",
	"message": "[CommandBus]: Handled  CREATE_SERVICE"
}
[info] [CLI] Called Command service/create: {
	"message": "[CLI] Called Command service/create",
	"level": "info"
}
[info] [API] Response ok: service/create: {
	"result": {
		"filePath": "F:/lowgular tutorial/lowgular-course-entry/src/app/services/employee.service.ts"
	},
	"level": "info",
	"message": "[API] Response ok: service/create"
}
[info] [API] Request for entity/actions: {
	"action": "entity/actions",
	"params": {
		"clickedPath": "F:/lowgular tutorial/lowgular-course-entry/src/app/services/employee.service.ts",
		"position": 91
	},
	"context": {
		"workspace": {
			"rootPath": "F:/lowgular tutorial/lowgular-course-entry"
		},
		"userContext": {
			"id": "CFQOJrafPJXVQIF624zHxyGs0Mo2",
			"correlationId": "RJkfZ-3XbD",
			"logEnvId": "development"
		}
	},
	"level": "info",
	"message": "[API] Request for entity/actions"
}
[info] [CLI] Calling Query entity/actions: {
	"funcParams": {
		"clickedPath": "F:/lowgular tutorial/lowgular-course-entry/src/app/services/employee.service.ts",
		"position": 91
	},
	"level": "info",
	"message": "[CLI] Calling Query entity/actions"
}
[info] [CLI] Called Query entity/actions: {
	"result": [
		{
			"id": "ADD_METHOD",
			"label": "Add method",
			"context": {}
		},
		{
			"id": "INJECT",
			"label": "Inject",
			"context": {}
		}
	],
	"level": "info",
	"message": "[CLI] Called Query entity/actions"
}
[info] [API] Response ok: entity/actions: {
	"result": [
		{
			"id": "ADD_METHOD",
			"label": "Add method",
			"context": {}
		},
		{
			"id": "INJECT",
			"label": "Inject",
			"context": {}
		}
	],
	"level": "info",
	"message": "[API] Response ok: entity/actions"
}
[info] [API] Request for injectable/list: {
	"action": "injectable/list",
	"params": {
		"entityFilePath": "F:/lowgular tutorial/lowgular-course-entry/src/app/services/employee.service.ts"
	},
	"context": {
		"workspace": {
			"rootPath": "F:/lowgular tutorial/lowgular-course-entry"
		},
		"userContext": {
			"id": "CFQOJrafPJXVQIF624zHxyGs0Mo2",
			"correlationId": "RJkfZ-3XbD",
			"logEnvId": "development"
		}
	},
	"level": "info",
	"message": "[API] Request for injectable/list"
}
[info] [CLI] Calling Query injectable/list: {
	"funcParams": {
		"entityFilePath": "F:/lowgular tutorial/lowgular-course-entry/src/app/services/employee.service.ts"
	},
	"level": "info",
	"message": "[CLI] Calling Query injectable/list"
}
[info] [CLI] Called Query injectable/list: {
	"result": [
		{
			"id": "httpClient",
			"dataType": "External",
			"name": "HttpClient",
			"relatedTypes": {}
		}
	],
	"level": "info",
	"message": "[CLI] Called Query injectable/list"
}
[info] [API] Response ok: injectable/list: {
	"result": [
		{
			"id": "httpClient",
			"dataType": "External",
			"name": "HttpClient",
			"relatedTypes": {}
		}
	],
	"level": "info",
	"message": "[API] Response ok: injectable/list"
}
[info] [API] Request for injectable/inject-external: {
	"action": "injectable/inject-external",
	"params": {
		"entityFilePath": "F:/lowgular tutorial/lowgular-course-entry/src/app/services/employee.service.ts",
		"externalId": "httpClient"
	},
	"context": {
		"workspace": {
			"rootPath": "F:/lowgular tutorial/lowgular-course-entry"
		},
		"userContext": {
			"id": "CFQOJrafPJXVQIF624zHxyGs0Mo2",
			"correlationId": "RJkfZ-3XbD",
			"logEnvId": "development"
		}
	},
	"level": "info",
	"message": "[API] Request for injectable/inject-external"
}
[info] [CLI] Calling Command injectable/inject-external: {
	"funcParams": {
		"entityFilePath": "F:/lowgular tutorial/lowgular-course-entry/src/app/services/employee.service.ts",
		"externalId": "httpClient"
	},
	"level": "info",
	"message": "[CLI] Calling Command injectable/inject-external"
}
[info] [CommandBus]: Dispatching command INJECT_EXTERNAL_DEPENDENCY: {
	"commandName": "INJECT_EXTERNAL_DEPENDENCY",
	"payload": {
		"entityFilePath": "F:/lowgular tutorial/lowgular-course-entry/src/app/services/employee.service.ts",
		"externalType": "HttpClient",
		"genericFilePaths": []
	},
	"level": "info",
	"message": "[CommandBus]: Dispatching command INJECT_EXTERNAL_DEPENDENCY"
}
[info] [CommandBus]: Handled  INJECT_EXTERNAL_DEPENDENCY: {
	"commandName": "INJECT_EXTERNAL_DEPENDENCY",
	"payload": {
		"entityFilePath": "F:/lowgular tutorial/lowgular-course-entry/src/app/services/employee.service.ts",
		"externalType": "HttpClient",
		"genericFilePaths": []
	},
	"level": "info",
	"message": "[CommandBus]: Handled  INJECT_EXTERNAL_DEPENDENCY"
}
[info] [CLI] Called Command injectable/inject-external: {
	"message": "[CLI] Called Command injectable/inject-external",
	"level": "info"
}
[info] [API] Response ok: injectable/inject-external: {
	"result": {
		"filePath": "F:/lowgular tutorial/lowgular-course-entry/src/app/services/employee.service.ts"
	},
	"level": "info",
	"message": "[API] Response ok: injectable/inject-external"
}
[info] [API] Request for entity/actions: {
	"action": "entity/actions",
	"params": {
		"clickedPath": "F:/lowgular tutorial/lowgular-course-entry/src/app/ui/employee-list/employee-list.component.ts",
		"position": 699
	},
	"context": {
		"workspace": {
			"rootPath": "F:/lowgular tutorial/lowgular-course-entry"
		},
		"userContext": {
			"id": "CFQOJrafPJXVQIF624zHxyGs0Mo2",
			"correlationId": "ZsAHs3gODa",
			"logEnvId": "development"
		}
	},
	"level": "info",
	"message": "[API] Request for entity/actions"
}
[info] [CLI] Calling Query entity/actions: {
	"funcParams": {
		"clickedPath": "F:/lowgular tutorial/lowgular-course-entry/src/app/ui/employee-list/employee-list.component.ts",
		"position": 699
	},
	"level": "info",
	"message": "[CLI] Calling Query entity/actions"
}
[info] [CLI] Called Query entity/actions: {
	"result": [
		{
			"id": "INJECT",
			"label": "Inject",
			"context": {}
		}
	],
	"level": "info",
	"message": "[CLI] Called Query entity/actions"
}
[info] [API] Response ok: entity/actions: {
	"result": [
		{
			"id": "INJECT",
			"label": "Inject",
			"context": {}
		}
	],
	"level": "info",
	"message": "[API] Response ok: entity/actions"
}
[info] [API] Request for injectable/list: {
	"action": "injectable/list",
	"params": {
		"entityFilePath": "F:/lowgular tutorial/lowgular-course-entry/src/app/ui/employee-list/employee-list.component.ts"
	},
	"context": {
		"workspace": {
			"rootPath": "F:/lowgular tutorial/lowgular-course-entry"
		},
		"userContext": {
			"id": "CFQOJrafPJXVQIF624zHxyGs0Mo2",
			"correlationId": "ZsAHs3gODa",
			"logEnvId": "development"
		}
	},
	"level": "info",
	"message": "[API] Request for injectable/list"
}
[info] [CLI] Calling Query injectable/list: {
	"funcParams": {
		"entityFilePath": "F:/lowgular tutorial/lowgular-course-entry/src/app/ui/employee-list/employee-list.component.ts"
	},
	"level": "info",
	"message": "[CLI] Calling Query injectable/list"
}
[info] [CLI] Called Query injectable/list: {
	"result": [
		{
			"file": "F:/lowgular tutorial/lowgular-course-entry/src/app/services/employee.service.ts",
			"name": "EmployeeService",
			"type": "SERVICE",
			"dataType": "Internal"
		},
		{
			"id": "httpClient",
			"dataType": "External",
			"name": "HttpClient",
			"relatedTypes": {}
		}
	],
	"level": "info",
	"message": "[CLI] Called Query injectable/list"
}
[info] [API] Response ok: injectable/list: {
	"result": [
		{
			"file": "F:/lowgular tutorial/lowgular-course-entry/src/app/services/employee.service.ts",
			"name": "EmployeeService",
			"type": "SERVICE",
			"dataType": "Internal"
		},
		{
			"id": "httpClient",
			"dataType": "External",
			"name": "HttpClient",
			"relatedTypes": {}
		}
	],
	"level": "info",
	"message": "[API] Response ok: injectable/list"
}
[info] [API] Request for injectable/inject: {
	"action": "injectable/inject",
	"params": {
		"entityFilePath": "F:/lowgular tutorial/lowgular-course-entry/src/app/ui/employee-list/employee-list.component.ts",
		"injectingPath": "F:/lowgular tutorial/lowgular-course-entry/src/app/services/employee.service.ts",
		"type": "SERVICE"
	},
	"context": {
		"workspace": {
			"rootPath": "F:/lowgular tutorial/lowgular-course-entry"
		},
		"userContext": {
			"id": "CFQOJrafPJXVQIF624zHxyGs0Mo2",
			"correlationId": "ZsAHs3gODa",
			"logEnvId": "development"
		}
	},
	"level": "info",
	"message": "[API] Request for injectable/inject"
}
[info] [CLI] Calling Command injectable/inject: {
	"funcParams": {
		"entityFilePath": "F:/lowgular tutorial/lowgular-course-entry/src/app/ui/employee-list/employee-list.component.ts",
		"injectingPath": "F:/lowgular tutorial/lowgular-course-entry/src/app/services/employee.service.ts",
		"type": "SERVICE"
	},
	"level": "info",
	"message": "[CLI] Calling Command injectable/inject"
}
[info] [CommandBus]: Dispatching command INJECT_SERVICE_DEPENDENCY: {
	"commandName": "INJECT_SERVICE_DEPENDENCY",
	"payload": {
		"entityFilePath": "F:/lowgular tutorial/lowgular-course-entry/src/app/ui/employee-list/employee-list.component.ts",
		"injectingFilePath": "F:/lowgular tutorial/lowgular-course-entry/src/app/services/employee.service.ts"
	},
	"level": "info",
	"message": "[CommandBus]: Dispatching command INJECT_SERVICE_DEPENDENCY"
}
[info] [CommandBus]: Handled  INJECT_SERVICE_DEPENDENCY: {
	"commandName": "INJECT_SERVICE_DEPENDENCY",
	"payload": {
		"entityFilePath": "F:/lowgular tutorial/lowgular-course-entry/src/app/ui/employee-list/employee-list.component.ts",
		"injectingFilePath": "F:/lowgular tutorial/lowgular-course-entry/src/app/services/employee.service.ts"
	},
	"level": "info",
	"message": "[CommandBus]: Handled  INJECT_SERVICE_DEPENDENCY"
}
[info] [CLI] Called Command injectable/inject: {
	"message": "[CLI] Called Command injectable/inject",
	"level": "info"
}
[info] [API] Response ok: injectable/inject: {
	"result": {
		"filePath": "F:/lowgular tutorial/lowgular-course-entry/src/app/ui/employee-list/employee-list.component.ts"
	},
	"level": "info",
	"message": "[API] Response ok: injectable/inject"
}
[info] [API] Request for entity/actions: {
	"action": "entity/actions",
	"params": {
		"clickedPath": "F:/lowgular tutorial/lowgular-course-entry/src/app/ui/employees-faces/employees-faces.component.ts",
		"position": 636
	},
	"context": {
		"workspace": {
			"rootPath": "F:/lowgular tutorial/lowgular-course-entry"
		},
		"userContext": {
			"id": "CFQOJrafPJXVQIF624zHxyGs0Mo2",
			"correlationId": "1D5fVbBcrb",
			"logEnvId": "development"
		}
	},
	"level": "info",
	"message": "[API] Request for entity/actions"
}
[info] [CLI] Calling Query entity/actions: {
	"funcParams": {
		"clickedPath": "F:/lowgular tutorial/lowgular-course-entry/src/app/ui/employees-faces/employees-faces.component.ts",
		"position": 636
	},
	"level": "info",
	"message": "[CLI] Calling Query entity/actions"
}
[info] [CLI] Called Query entity/actions: {
	"result": [
		{
			"id": "INJECT",
			"label": "Inject",
			"context": {}
		}
	],
	"level": "info",
	"message": "[CLI] Called Query entity/actions"
}
[info] [API] Response ok: entity/actions: {
	"result": [
		{
			"id": "INJECT",
			"label": "Inject",
			"context": {}
		}
	],
	"level": "info",
	"message": "[API] Response ok: entity/actions"
}
[info] [API] Request for injectable/list: {
	"action": "injectable/list",
	"params": {
		"entityFilePath": "F:/lowgular tutorial/lowgular-course-entry/src/app/ui/employees-faces/employees-faces.component.ts"
	},
	"context": {
		"workspace": {
			"rootPath": "F:/lowgular tutorial/lowgular-course-entry"
		},
		"userContext": {
			"id": "CFQOJrafPJXVQIF624zHxyGs0Mo2",
			"correlationId": "1D5fVbBcrb",
			"logEnvId": "development"
		}
	},
	"level": "info",
	"message": "[API] Request for injectable/list"
}
[info] [CLI] Calling Query injectable/list: {
	"funcParams": {
		"entityFilePath": "F:/lowgular tutorial/lowgular-course-entry/src/app/ui/employees-faces/employees-faces.component.ts"
	},
	"level": "info",
	"message": "[CLI] Calling Query injectable/list"
}
[info] [CLI] Called Query injectable/list: {
	"result": [
		{
			"file": "F:/lowgular tutorial/lowgular-course-entry/src/app/services/employee.service.ts",
			"name": "EmployeeService",
			"type": "SERVICE",
			"dataType": "Internal"
		},
		{
			"id": "httpClient",
			"dataType": "External",
			"name": "HttpClient",
			"relatedTypes": {}
		}
	],
	"level": "info",
	"message": "[CLI] Called Query injectable/list"
}
[info] [API] Response ok: injectable/list: {
	"result": [
		{
			"file": "F:/lowgular tutorial/lowgular-course-entry/src/app/services/employee.service.ts",
			"name": "EmployeeService",
			"type": "SERVICE",
			"dataType": "Internal"
		},
		{
			"id": "httpClient",
			"dataType": "External",
			"name": "HttpClient",
			"relatedTypes": {}
		}
	],
	"level": "info",
	"message": "[API] Response ok: injectable/list"
}
[info] [API] Request for injectable/inject: {
	"action": "injectable/inject",
	"params": {
		"entityFilePath": "F:/lowgular tutorial/lowgular-course-entry/src/app/ui/employees-faces/employees-faces.component.ts",
		"injectingPath": "F:/lowgular tutorial/lowgular-course-entry/src/app/services/employee.service.ts",
		"type": "SERVICE"
	},
	"context": {
		"workspace": {
			"rootPath": "F:/lowgular tutorial/lowgular-course-entry"
		},
		"userContext": {
			"id": "CFQOJrafPJXVQIF624zHxyGs0Mo2",
			"correlationId": "1D5fVbBcrb",
			"logEnvId": "development"
		}
	},
	"level": "info",
	"message": "[API] Request for injectable/inject"
}
[info] [CLI] Calling Command injectable/inject: {
	"funcParams": {
		"entityFilePath": "F:/lowgular tutorial/lowgular-course-entry/src/app/ui/employees-faces/employees-faces.component.ts",
		"injectingPath": "F:/lowgular tutorial/lowgular-course-entry/src/app/services/employee.service.ts",
		"type": "SERVICE"
	},
	"level": "info",
	"message": "[CLI] Calling Command injectable/inject"
}
[info] [CommandBus]: Dispatching command INJECT_SERVICE_DEPENDENCY: {
	"commandName": "INJECT_SERVICE_DEPENDENCY",
	"payload": {
		"entityFilePath": "F:/lowgular tutorial/lowgular-course-entry/src/app/ui/employees-faces/employees-faces.component.ts",
		"injectingFilePath": "F:/lowgular tutorial/lowgular-course-entry/src/app/services/employee.service.ts"
	},
	"level": "info",
	"message": "[CommandBus]: Dispatching command INJECT_SERVICE_DEPENDENCY"
}
[info] [CommandBus]: Handled  INJECT_SERVICE_DEPENDENCY: {
	"commandName": "INJECT_SERVICE_DEPENDENCY",
	"payload": {
		"entityFilePath": "F:/lowgular tutorial/lowgular-course-entry/src/app/ui/employees-faces/employees-faces.component.ts",
		"injectingFilePath": "F:/lowgular tutorial/lowgular-course-entry/src/app/services/employee.service.ts"
	},
	"level": "info",
	"message": "[CommandBus]: Handled  INJECT_SERVICE_DEPENDENCY"
}
[info] [CLI] Called Command injectable/inject: {
	"message": "[CLI] Called Command injectable/inject",
	"level": "info"
}
[info] [API] Response ok: injectable/inject: {
	"result": {
		"filePath": "F:/lowgular tutorial/lowgular-course-entry/src/app/ui/employees-faces/employees-faces.component.ts"
	},
	"level": "info",
	"message": "[API] Response ok: injectable/inject"
}
[info] [API] Request for entity/actions: {
	"action": "entity/actions",
	"params": {
		"clickedPath": "F:/lowgular tutorial/lowgular-course-entry/src/app/services/employee.service.ts",
		"position": 324
	},
	"context": {
		"workspace": {
			"rootPath": "F:/lowgular tutorial/lowgular-course-entry"
		},
		"userContext": {
			"id": "CFQOJrafPJXVQIF624zHxyGs0Mo2",
			"correlationId": "xhozB0lWBj",
			"logEnvId": "development"
		}
	},
	"level": "info",
	"message": "[API] Request for entity/actions"
}
[info] [CLI] Calling Query entity/actions: {
	"funcParams": {
		"clickedPath": "F:/lowgular tutorial/lowgular-course-entry/src/app/services/employee.service.ts",
		"position": 324
	},
	"level": "info",
	"message": "[CLI] Calling Query entity/actions"
}
[info] [CLI] Called Query entity/actions: {
	"result": [
		{
			"id": "ADD_RXJS",
			"label": "Add RxJS",
			"context": {
				"parentMethod": "getAll"
			}
		},
		{
			"id": "ADD_METHOD",
			"label": "Add method",
			"context": {}
		},
		{
			"id": "INJECT",
			"label": "Inject",
			"context": {}
		}
	],
	"level": "info",
	"message": "[CLI] Called Query entity/actions"
}
[info] [API] Response ok: entity/actions: {
	"result": [
		{
			"id": "ADD_RXJS",
			"label": "Add RxJS",
			"context": {
				"parentMethod": "getAll"
			}
		},
		{
			"id": "ADD_METHOD",
			"label": "Add method",
			"context": {}
		},
		{
			"id": "INJECT",
			"label": "Inject",
			"context": {}
		}
	],
	"level": "info",
	"message": "[API] Response ok: entity/actions"
}
[info] [API] Request for injectable/list: {
	"action": "injectable/list",
	"params": {
		"entityFilePath": "F:/lowgular tutorial/lowgular-course-entry/src/app/services/employee.service.ts"
	},
	"context": {
		"workspace": {
			"rootPath": "F:/lowgular tutorial/lowgular-course-entry"
		},
		"userContext": {
			"id": "CFQOJrafPJXVQIF624zHxyGs0Mo2",
			"correlationId": "xhozB0lWBj",
			"logEnvId": "development"
		}
	},
	"level": "info",
	"message": "[API] Request for injectable/list"
}
[info] [CLI] Calling Query injectable/list: {
	"funcParams": {
		"entityFilePath": "F:/lowgular tutorial/lowgular-course-entry/src/app/services/employee.service.ts"
	},
	"level": "info",
	"message": "[CLI] Calling Query injectable/list"
}
[info] [CLI] Called Query injectable/list: {
	"result": [
		{
			"id": "httpClient",
			"dataType": "External",
			"name": "HttpClient",
			"relatedTypes": {}
		}
	],
	"level": "info",
	"message": "[CLI] Called Query injectable/list"
}
[info] [API] Response ok: injectable/list: {
	"result": [
		{
			"id": "httpClient",
			"dataType": "External",
			"name": "HttpClient",
			"relatedTypes": {}
		}
	],
	"level": "info",
	"message": "[API] Response ok: injectable/list"
}
[info] [API] Request for entity/actions: {
	"action": "entity/actions",
	"params": {
		"clickedPath": "F:/lowgular tutorial/lowgular-course-entry/src/app/ui/employees-faces/employees-faces.component.ts",
		"position": 674
	},
	"context": {
		"workspace": {
			"rootPath": "F:/lowgular tutorial/lowgular-course-entry"
		},
		"userContext": {
			"id": "CFQOJrafPJXVQIF624zHxyGs0Mo2",
			"correlationId": "znwyHTlSj7",
			"logEnvId": "development"
		}
	},
	"level": "info",
	"message": "[API] Request for entity/actions"
}
[info] [CLI] Calling Query entity/actions: {
	"funcParams": {
		"clickedPath": "F:/lowgular tutorial/lowgular-course-entry/src/app/ui/employees-faces/employees-faces.component.ts",
		"position": 674
	},
	"level": "info",
	"message": "[CLI] Calling Query entity/actions"
}
[info] [CLI] Called Query entity/actions: {
	"result": [
		{
			"id": "INJECT",
			"label": "Inject",
			"context": {}
		}
	],
	"level": "info",
	"message": "[CLI] Called Query entity/actions"
}
[info] [API] Response ok: entity/actions: {
	"result": [
		{
			"id": "INJECT",
			"label": "Inject",
			"context": {}
		}
	],
	"level": "info",
	"message": "[API] Response ok: entity/actions"
}
[info] [API] Request for injectable/list: {
	"action": "injectable/list",
	"params": {
		"entityFilePath": "F:/lowgular tutorial/lowgular-course-entry/src/app/ui/employees-faces/employees-faces.component.ts"
	},
	"context": {
		"workspace": {
			"rootPath": "F:/lowgular tutorial/lowgular-course-entry"
		},
		"userContext": {
			"id": "CFQOJrafPJXVQIF624zHxyGs0Mo2",
			"correlationId": "znwyHTlSj7",
			"logEnvId": "development"
		}
	},
	"level": "info",
	"message": "[API] Request for injectable/list"
}
[info] [CLI] Calling Query injectable/list: {
	"funcParams": {
		"entityFilePath": "F:/lowgular tutorial/lowgular-course-entry/src/app/ui/employees-faces/employees-faces.component.ts"
	},
	"level": "info",
	"message": "[CLI] Calling Query injectable/list"
}
[info] [CLI] Called Query injectable/list: {
	"result": [
		{
			"id": "httpClient",
			"dataType": "External",
			"name": "HttpClient",
			"relatedTypes": {}
		}
	],
	"level": "info",
	"message": "[CLI] Called Query injectable/list"
}
[info] [API] Response ok: injectable/list: {
	"result": [
		{
			"id": "httpClient",
			"dataType": "External",
			"name": "HttpClient",
			"relatedTypes": {}
		}
	],
	"level": "info",
	"message": "[API] Response ok: injectable/list"
}
[info] [API] Request for projects/list: {
	"action": "projects/list",
	"params": {
		"clickedPath": "F:/lowgular tutorial/lowgular-course-entry/src/app/ui/employee-list"
	},
	"context": {
		"workspace": {
			"rootPath": "F:/lowgular tutorial/lowgular-course-entry"
		},
		"userContext": {
			"id": "CFQOJrafPJXVQIF624zHxyGs0Mo2",
			"correlationId": "V5NS_634jx",
			"logEnvId": "development"
		}
	},
	"level": "info",
	"message": "[API] Request for projects/list"
}
[info] [CLI] Calling Query projects/list: {
	"funcParams": {
		"clickedPath": "F:/lowgular tutorial/lowgular-course-entry/src/app/ui/employee-list"
	},
	"level": "info",
	"message": "[CLI] Calling Query projects/list"
}
[info] [CLI] Called Query projects/list: {
	"result": {
		"clickedProject": {
			"name": "lowgular-course-entry",
			"path": "F:/lowgular tutorial/lowgular-course-entry/src/app"
		},
		"otherProjects": []
	},
	"level": "info",
	"message": "[CLI] Called Query projects/list"
}
[info] [API] Response ok: projects/list: {
	"result": {
		"clickedProject": {
			"name": "lowgular-course-entry",
			"path": "F:/lowgular tutorial/lowgular-course-entry/src/app"
		},
		"otherProjects": []
	},
	"level": "info",
	"message": "[API] Response ok: projects/list"
}
[info] [API] Request for entity/list: {
	"action": "entity/list",
	"params": {
		"clickedPath": "F:/lowgular tutorial/lowgular-course-entry/src/app"
	},
	"context": {
		"workspace": {
			"rootPath": "F:/lowgular tutorial/lowgular-course-entry"
		},
		"userContext": {
			"id": "CFQOJrafPJXVQIF624zHxyGs0Mo2",
			"correlationId": "V5NS_634jx",
			"logEnvId": "development"
		}
	},
	"level": "info",
	"message": "[API] Request for entity/list"
}
[info] [CLI] Calling Query entity/list: {
	"funcParams": {
		"clickedPath": "F:/lowgular tutorial/lowgular-course-entry/src/app"
	},
	"level": "info",
	"message": "[CLI] Calling Query entity/list"
}
[info] [CLI] Called Query entity/list: {
	"result": [
		{
			"id": "component",
			"type": "ANGULAR_COMPONENT",
			"suffix": "Component",
			"folder": "ui/$name$",
			"insideOf": "App",
			"config": {
				"stylesExtension": "none",
				"viewEncapsulation": "Emulated",
				"selector": "generated",
				"changeDetectionStrategy": "OnPush"
			}
		},
		{
			"id": "dataService",
			"type": "SERVICE",
			"suffix": "Service",
			"folder": "services",
			"insideOf": "App"
		},
		{
			"id": "model",
			"type": "DATA_STRUCTURE",
			"suffix": "Model",
			"folder": "model",
			"insideOf": "App"
		},
		{
			"id": "response",
			"type": "DATA_STRUCTURE",
			"suffix": "Response",
			"folder": "services",
			"insideOf": "App"
		}
	],
	"level": "info",
	"message": "[CLI] Called Query entity/list"
}
[info] [API] Response ok: entity/list: {
	"result": [
		{
			"id": "component",
			"type": "ANGULAR_COMPONENT",
			"suffix": "Component",
			"folder": "ui/$name$",
			"insideOf": "App",
			"config": {
				"stylesExtension": "none",
				"viewEncapsulation": "Emulated",
				"selector": "generated",
				"changeDetectionStrategy": "OnPush"
			}
		},
		{
			"id": "dataService",
			"type": "SERVICE",
			"suffix": "Service",
			"folder": "services",
			"insideOf": "App"
		},
		{
			"id": "model",
			"type": "DATA_STRUCTURE",
			"suffix": "Model",
			"folder": "model",
			"insideOf": "App"
		},
		{
			"id": "response",
			"type": "DATA_STRUCTURE",
			"suffix": "Response",
			"folder": "services",
			"insideOf": "App"
		}
	],
	"level": "info",
	"message": "[API] Response ok: entity/list"
}
[info] [API] Request for projects/list: {
	"action": "projects/list",
	"params": {
		"clickedPath": "F:/lowgular tutorial/lowgular-course-entry/src/app/model"
	},
	"context": {
		"workspace": {
			"rootPath": "F:/lowgular tutorial/lowgular-course-entry"
		},
		"userContext": {
			"id": "CFQOJrafPJXVQIF624zHxyGs0Mo2",
			"correlationId": "1z5yayGLq1",
			"logEnvId": "development"
		}
	},
	"level": "info",
	"message": "[API] Request for projects/list"
}
[info] [CLI] Calling Query projects/list: {
	"funcParams": {
		"clickedPath": "F:/lowgular tutorial/lowgular-course-entry/src/app/model"
	},
	"level": "info",
	"message": "[CLI] Calling Query projects/list"
}
[info] [CLI] Called Query projects/list: {
	"result": {
		"clickedProject": {
			"name": "lowgular-course-entry",
			"path": "F:/lowgular tutorial/lowgular-course-entry/src/app"
		},
		"otherProjects": []
	},
	"level": "info",
	"message": "[CLI] Called Query projects/list"
}
[info] [API] Response ok: projects/list: {
	"result": {
		"clickedProject": {
			"name": "lowgular-course-entry",
			"path": "F:/lowgular tutorial/lowgular-course-entry/src/app"
		},
		"otherProjects": []
	},
	"level": "info",
	"message": "[API] Response ok: projects/list"
}
[info] [API] Request for entity/list: {
	"action": "entity/list",
	"params": {
		"clickedPath": "F:/lowgular tutorial/lowgular-course-entry/src/app"
	},
	"context": {
		"workspace": {
			"rootPath": "F:/lowgular tutorial/lowgular-course-entry"
		},
		"userContext": {
			"id": "CFQOJrafPJXVQIF624zHxyGs0Mo2",
			"correlationId": "1z5yayGLq1",
			"logEnvId": "development"
		}
	},
	"level": "info",
	"message": "[API] Request for entity/list"
}
[info] [CLI] Calling Query entity/list: {
	"funcParams": {
		"clickedPath": "F:/lowgular tutorial/lowgular-course-entry/src/app"
	},
	"level": "info",
	"message": "[CLI] Calling Query entity/list"
}
[info] [CLI] Called Query entity/list: {
	"result": [
		{
			"id": "component",
			"type": "ANGULAR_COMPONENT",
			"suffix": "Component",
			"folder": "ui/$name$",
			"insideOf": "App",
			"config": {
				"stylesExtension": "none",
				"viewEncapsulation": "Emulated",
				"selector": "generated",
				"changeDetectionStrategy": "OnPush"
			}
		},
		{
			"id": "dataService",
			"type": "SERVICE",
			"suffix": "Service",
			"folder": "services",
			"insideOf": "App"
		},
		{
			"id": "model",
			"type": "DATA_STRUCTURE",
			"suffix": "Model",
			"folder": "model",
			"insideOf": "App"
		},
		{
			"id": "response",
			"type": "DATA_STRUCTURE",
			"suffix": "Response",
			"folder": "services",
			"insideOf": "App"
		}
	],
	"level": "info",
	"message": "[CLI] Called Query entity/list"
}
[info] [API] Response ok: entity/list: {
	"result": [
		{
			"id": "component",
			"type": "ANGULAR_COMPONENT",
			"suffix": "Component",
			"folder": "ui/$name$",
			"insideOf": "App",
			"config": {
				"stylesExtension": "none",
				"viewEncapsulation": "Emulated",
				"selector": "generated",
				"changeDetectionStrategy": "OnPush"
			}
		},
		{
			"id": "dataService",
			"type": "SERVICE",
			"suffix": "Service",
			"folder": "services",
			"insideOf": "App"
		},
		{
			"id": "model",
			"type": "DATA_STRUCTURE",
			"suffix": "Model",
			"folder": "model",
			"insideOf": "App"
		},
		{
			"id": "response",
			"type": "DATA_STRUCTURE",
			"suffix": "Response",
			"folder": "services",
			"insideOf": "App"
		}
	],
	"level": "info",
	"message": "[API] Response ok: entity/list"
}
[info] [API] Request for data-structure/create: {
	"action": "data-structure/create",
	"params": {
		"name": "Person",
		"clickedPath": "F:/lowgular tutorial/lowgular-course-entry/src/app/model",
		"entityId": "model",
		"properties": {
			"personalNumber": "string",
			"name": "string",
			"mail": "string",
			"img": "string"
		}
	},
	"context": {
		"workspace": {
			"rootPath": "F:/lowgular tutorial/lowgular-course-entry"
		},
		"userContext": {
			"id": "CFQOJrafPJXVQIF624zHxyGs0Mo2",
			"correlationId": "1z5yayGLq1",
			"logEnvId": "development"
		}
	},
	"level": "info",
	"message": "[API] Request for data-structure/create"
}
[info] [CLI] Calling Command data-structure/create: {
	"funcParams": {
		"name": "Person",
		"clickedPath": "F:/lowgular tutorial/lowgular-course-entry/src/app/model",
		"entityId": "model",
		"properties": {
			"personalNumber": "string",
			"name": "string",
			"mail": "string",
			"img": "string"
		}
	},
	"level": "info",
	"message": "[CLI] Calling Command data-structure/create"
}
[info] [CommandBus]: Dispatching command CREATE_DATA_STRUCTURE: {
	"commandName": "CREATE_DATA_STRUCTURE",
	"payload": {
		"folderPath": "F:/lowgular tutorial/lowgular-course-entry/src/app/model",
		"name": "Person",
		"suffix": "Model",
		"properties": {
			"personalNumber": "string",
			"name": "string",
			"mail": "string",
			"img": "string"
		}
	},
	"level": "info",
	"message": "[CommandBus]: Dispatching command CREATE_DATA_STRUCTURE"
}
[info] [CommandBus]: Handled  CREATE_DATA_STRUCTURE: {
	"commandName": "CREATE_DATA_STRUCTURE",
	"payload": {
		"folderPath": "F:/lowgular tutorial/lowgular-course-entry/src/app/model",
		"name": "Person",
		"suffix": "Model",
		"properties": {
			"personalNumber": "string",
			"name": "string",
			"mail": "string",
			"img": "string"
		}
	},
	"level": "info",
	"message": "[CommandBus]: Handled  CREATE_DATA_STRUCTURE"
}
[info] [CLI] Called Command data-structure/create: {
	"message": "[CLI] Called Command data-structure/create",
	"level": "info"
}
[info] [API] Response ok: data-structure/create: {
	"result": {
		"filePath": "F:/lowgular tutorial/lowgular-course-entry/src/app/model/person.model.ts"
	},
	"level": "info",
	"message": "[API] Response ok: data-structure/create"
}
